<?xml version="1.0" encoding="UTF-8"?>
<testsuite xmlns:xsi="http://www.w3.org/2001/XMLSchema-instance" xsi:noNamespaceSchemaLocation="https://maven.apache.org/surefire/maven-surefire-plugin/xsd/surefire-test-report-3.0.xsd" version="3.0" name="BelanjaanTest" time="0.084" tests="20" errors="0" skipped="0" failures="0">
  <properties>
[...]
</properties>
  <testcase name="testTambahItemKategoriBerbeda" classname="BelanjaanTest" time="0.004"/>
  <testcase name="testTambahBanyakDiskon" classname="BelanjaanTest" time="0.0"/>
  <testcase name="testDiskonSetelahHapusItem" classname="BelanjaanTest" time="0.0"/>
  <testcase name="testHapusItemDenganDiskon" classname="BelanjaanTest" time="0.0"/>
  <testcase name="testTambahDiskonBerulang" classname="BelanjaanTest" time="0.0"/>
  <testcase name="testHapusItem" classname="BelanjaanTest" time="0.0"/>
  <testcase name="testReset" classname="BelanjaanTest" time="0.004">
    <system-out><![CDATA[Daftar Belanjaan:
Tidak ada diskon yang diterapkan.
]]></system-out>
  </testcase>
  <testcase name="testTambahItemBeberapaKategori" classname="BelanjaanTest" time="0.0"/>
  <testcase name="testTambahDanHapusBeberapaItem" classname="BelanjaanTest" time="0.0"/>
  <testcase name="testTampilkanDiskon" classname="BelanjaanTest" time="0.0">
    <system-out><![CDATA[Daftar Diskon:
Shampo: 5000
]]></system-out>
  </testcase>
  <testcase name="testTambahItem" classname="BelanjaanTest" time="0.0"/>
  <testcase name="testTambahItemDuplikat" classname="BelanjaanTest" time="0.0">
    <system-out><![CDATA[Item sudah ada di keranjang. Menambahkan harga item.
]]></system-out>
  </testcase>
  <testcase name="testTambahDiskonItemTidakAda" classname="BelanjaanTest" time="0.0">
    <system-out><![CDATA[Item tidak ditemukan untuk diskon.
]]></system-out>
  </testcase>
  <testcase name="testTambahItemTanpaDiskon" classname="BelanjaanTest" time="0.0"/>
  <testcase name="testHapusItemTidakAda" classname="BelanjaanTest" time="0.004">
    <system-out><![CDATA[Item tidak ditemukan di keranjang.
]]></system-out>
  </testcase>
  <testcase name="testTampilkanTotalDenganDiskon" classname="BelanjaanTest" time="0.0">
    <system-out><![CDATA[Total Harga (Dengan Diskon): 15000
]]></system-out>
  </testcase>
  <testcase name="testTampilkanItem" classname="BelanjaanTest" time="0.004">
    <system-out><![CDATA[Daftar Belanjaan:
Sabun (Kebutuhan Rumah Tangga): 10000
Shampo (Kebutuhan Rumah Tangga): 20000
]]></system-out>
  </testcase>
  <testcase name="testTambahDiskon" classname="BelanjaanTest" time="0.0"/>
  <testcase name="testTambahItemSetelahDiskon" classname="BelanjaanTest" time="0.0"/>
  <testcase name="testTambahItemKategoriSama" classname="BelanjaanTest" time="0.0"/>
</testsuite>